timestamp: 2014-08-29T10:49:51.615356
CREATE TABLE auth_user(
    id INTEGER PRIMARY KEY AUTOINCREMENT,
    first_name CHAR(128),
    last_name CHAR(128),
    email CHAR(512),
    password CHAR(512),
    registration_key CHAR(512),
    reset_password_key CHAR(512),
    registration_id CHAR(512)
);
success!
timestamp: 2014-08-29T10:49:51.970528
CREATE TABLE auth_group(
    id INTEGER PRIMARY KEY AUTOINCREMENT,
    role CHAR(512),
    description TEXT
);
success!
timestamp: 2014-08-29T10:49:52.138075
CREATE TABLE auth_membership(
    id INTEGER PRIMARY KEY AUTOINCREMENT,
    user_id INTEGER REFERENCES auth_user (id) ON DELETE CASCADE,
    group_id INTEGER REFERENCES auth_group (id) ON DELETE CASCADE
);
success!
timestamp: 2014-08-29T10:49:52.316668
CREATE TABLE auth_permission(
    id INTEGER PRIMARY KEY AUTOINCREMENT,
    group_id INTEGER REFERENCES auth_group (id) ON DELETE CASCADE,
    name CHAR(512),
    table_name CHAR(512),
    record_id INTEGER
);
success!
timestamp: 2014-08-29T10:49:52.496266
CREATE TABLE auth_event(
    id INTEGER PRIMARY KEY AUTOINCREMENT,
    time_stamp TIMESTAMP,
    client_ip CHAR(512),
    user_id INTEGER REFERENCES auth_user (id) ON DELETE CASCADE,
    origin CHAR(512),
    description TEXT
);
success!
timestamp: 2014-08-29T10:49:52.674280
CREATE TABLE auth_cas(
    id INTEGER PRIMARY KEY AUTOINCREMENT,
    user_id INTEGER REFERENCES auth_user (id) ON DELETE CASCADE,
    created_on TIMESTAMP,
    service CHAR(512),
    ticket CHAR(512),
    renew CHAR(1)
);
success!
timestamp: 2014-08-29T10:49:52.842524
CREATE TABLE contacto(
    id INTEGER PRIMARY KEY AUTOINCREMENT,
    nombre CHAR(512),
    email CHAR(512),
    mensaje TEXT
);
success!
timestamp: 2014-08-29T10:49:53.009213
CREATE TABLE categorias(
    id INTEGER PRIMARY KEY AUTOINCREMENT,
    nombre CHAR(512)
);
success!
timestamp: 2014-08-29T10:49:53.222861
CREATE TABLE productos(
    id INTEGER PRIMARY KEY AUTOINCREMENT,
    nombre CHAR(512),
    presentacion CHAR(512),
    categoria INTEGER REFERENCES categorias (id) ON DELETE CASCADE
);
success!
timestamp: 2014-08-29T10:49:53.436489
CREATE TABLE slideshow(
    id INTEGER PRIMARY KEY AUTOINCREMENT,
    titulo CHAR(512),
    imagen CHAR(512),
    descripcion CHAR(512)
);
success!
timestamp: 2014-08-29T11:21:18.588841
ALTER TABLE productos ADD imagen CHAR(512);
success!
timestamp: 2014-08-29T12:35:08.311645
ALTER TABLE productos ADD marca CHAR(512);
success!
timestamp: 2014-09-01T02:03:32.827481
CREATE TABLE plugin_ckeditor_upload(
    id INTEGER PRIMARY KEY AUTOINCREMENT,
    title CHAR(255),
    filename CHAR(255),
    flength INTEGER,
    mime_type CHAR(128),
    upload CHAR(512)
);
success!
timestamp: 2014-09-01T02:03:33.262890
CREATE TABLE contenido(
    id INTEGER PRIMARY KEY AUTOINCREMENT,
    descripcion_empresa TEXT
);
success!
timestamp: 2014-09-01T02:58:12.461952
CREATE TABLE empresa(
    id INTEGER PRIMARY KEY AUTOINCREMENT,
    descripcion_empresa TEXT
);
success!
timestamp: 2014-09-01T02:58:12.712009
CREATE TABLE servicios(
    id INTEGER PRIMARY KEY AUTOINCREMENT,
    nombre CHAR(512)
);
success!
timestamp: 2014-09-01T02:58:12.902063
CREATE TABLE detalles(
    id INTEGER PRIMARY KEY AUTOINCREMENT,
    servicio INTEGER REFERENCES servicios (id) ON DELETE CASCADE,
    descripcion TEXT,
    publicar CHAR(1)
);
success!
timestamp: 2014-09-02T01:48:49.529460
ALTER TABLE auth_user ADD username CHAR(128);
success!
timestamp: 2014-09-02T16:45:02.390495
ALTER TABLE slideshow ADD activo CHAR(1);
success!
success!
